*** Starting uWSGI 2.0.15 (64bit) on [Mon Feb 26 13:59:22 2018] ***
compiled with version: 7.2.0 on 26 February 2018 13:51:01
os: Linux-4.13.0-36-generic #40-Ubuntu SMP Fri Feb 16 20:07:48 UTC 2018
nodename: cynid-MS-7A15
machine: x86_64
clock source: unix
detected number of CPU cores: 4
current working directory: /home/cynid/PycharmProjects/untitled2
detected binary path: /home/cynid/PycharmProjects/untitled2/venv/bin/uwsgi
!!! no internal routing support, rebuild with pcre support !!!
chdir() to /home/cynid/PycharmProjects/untitled2
your processes number limit is 31076
your memory page size is 4096 bytes
 *** WARNING: you have enabled harakiri without post buffering. Slow upload could be rejected on post-unbuffered webservers *** 
detected max file descriptor number: 1048576
lock engine: pthread robust mutexes
thunder lock: disabled (you can enable it with --thunder-lock)
uwsgi socket 0 bound to TCP address 127.0.0.1:8000 fd 3
Python version: 3.6.3 (default, Oct  3 2017, 21:45:48)  [GCC 7.2.0]
*** Python threads support is disabled. You can enable it with --enable-threads ***
Python main interpreter initialized at 0x5571cf8eeb80
your server socket listen backlog is limited to 100 connections
your mercy for graceful operations on workers is 60 seconds
mapped 145520 bytes (142 KB) for 1 cores
*** Operational MODE: single process ***
WSGI app 0 (mountpoint='') ready in 0 seconds on interpreter 0x5571cf8eeb80 pid: 18962 (default app)
*** uWSGI is running in multiple interpreter mode ***
spawned uWSGI master process (pid: 18962)
spawned uWSGI worker 1 (pid: 18964, cores: 1)
*** Starting uWSGI 2.0.15 (64bit) on [Mon Feb 26 13:59:53 2018] ***
compiled with version: 7.2.0 on 26 February 2018 13:51:01
os: Linux-4.13.0-36-generic #40-Ubuntu SMP Fri Feb 16 20:07:48 UTC 2018
nodename: cynid-MS-7A15
machine: x86_64
clock source: unix
detected number of CPU cores: 4
current working directory: /home/cynid/PycharmProjects/untitled2
detected binary path: /home/cynid/PycharmProjects/untitled2/venv/bin/uwsgi
!!! no internal routing support, rebuild with pcre support !!!
chdir() to /home/cynid/PycharmProjects/untitled2
your processes number limit is 31076
your memory page size is 4096 bytes
 *** WARNING: you have enabled harakiri without post buffering. Slow upload could be rejected on post-unbuffered webservers *** 
detected max file descriptor number: 1048576
lock engine: pthread robust mutexes
thunder lock: disabled (you can enable it with --thunder-lock)
probably another instance of uWSGI is running on the same address (127.0.0.1:8000).
bind(): Address already in use [core/socket.c line 769]
Mon Feb 26 06:00:29 2018 - uWSGI worker 1 screams: UAAAAAAH my master disconnected: i will kill myself !!!
*** Starting uWSGI 2.0.15 (64bit) on [Mon Feb 26 14:00:50 2018] ***
compiled with version: 7.2.0 on 26 February 2018 13:51:01
os: Linux-4.13.0-36-generic #40-Ubuntu SMP Fri Feb 16 20:07:48 UTC 2018
nodename: cynid-MS-7A15
machine: x86_64
clock source: unix
detected number of CPU cores: 4
current working directory: /home/cynid/PycharmProjects/untitled2
detected binary path: /home/cynid/PycharmProjects/untitled2/venv/bin/uwsgi
!!! no internal routing support, rebuild with pcre support !!!
chdir() to /home/cynid/PycharmProjects/untitled2
your processes number limit is 31076
your memory page size is 4096 bytes
 *** WARNING: you have enabled harakiri without post buffering. Slow upload could be rejected on post-unbuffered webservers *** 
detected max file descriptor number: 1048576
lock engine: pthread robust mutexes
thunder lock: disabled (you can enable it with --thunder-lock)
uwsgi socket 0 bound to TCP address 127.0.0.1:8000 fd 3
Python version: 3.6.3 (default, Oct  3 2017, 21:45:48)  [GCC 7.2.0]
*** Python threads support is disabled. You can enable it with --enable-threads ***
Python main interpreter initialized at 0x55a2f38ceb80
your server socket listen backlog is limited to 100 connections
your mercy for graceful operations on workers is 60 seconds
mapped 145520 bytes (142 KB) for 1 cores
*** Operational MODE: single process ***
WSGI app 0 (mountpoint='') ready in 0 seconds on interpreter 0x55a2f38ceb80 pid: 19022 (default app)
*** uWSGI is running in multiple interpreter mode ***
spawned uWSGI master process (pid: 19022)
spawned uWSGI worker 1 (pid: 19024, cores: 1)
invalid request block size: 21573 (max 4096)...skip
invalid request block size: 21573 (max 4096)...skip
invalid request block size: 21573 (max 4096)...skip
invalid request block size: 21573 (max 4096)...skip
invalid request block size: 21573 (max 4096)...skip
invalid request block size: 21573 (max 4096)...skip
invalid request block size: 21573 (max 4096)...skip
invalid request block size: 21573 (max 4096)...skip
invalid request block size: 21573 (max 4096)...skip
invalid request block size: 21573 (max 4096)...skip
invalid request block size: 21573 (max 4096)...skip
invalid request block size: 21573 (max 4096)...skip
invalid request block size: 21573 (max 4096)...skip
invalid request block size: 21573 (max 4096)...skip
invalid request block size: 21573 (max 4096)...skip
invalid request block size: 21573 (max 4096)...skip
invalid request block size: 21573 (max 4096)...skip
invalid request block size: 21573 (max 4096)...skip
invalid request block size: 21573 (max 4096)...skip
invalid request block size: 21573 (max 4096)...skip
invalid request block size: 21573 (max 4096)...skip
invalid request block size: 21573 (max 4096)...skip
invalid request block size: 21573 (max 4096)...skip
invalid request block size: 21573 (max 4096)...skip
invalid request block size: 21573 (max 4096)...skip
invalid request block size: 21573 (max 4096)...skip
invalid request block size: 21573 (max 4096)...skip
invalid request block size: 21573 (max 4096)...skip
invalid request block size: 21573 (max 4096)...skip
invalid request block size: 21573 (max 4096)...skip
invalid request block size: 21573 (max 4096)...skip
invalid request block size: 21573 (max 4096)...skip
invalid request block size: 21573 (max 4096)...skip
invalid request block size: 21573 (max 4096)...skip
invalid request block size: 21573 (max 4096)...skip
Mon Feb 26 06:01:15 2018 - uWSGI worker 1 screams: UAAAAAAH my master disconnected: i will kill myself !!!
